\BOOKMARK [0][-]{chapter.1}{Introducción}{}% 1
\BOOKMARK [1][-]{section.1.1}{Motivación}{chapter.1}% 2
\BOOKMARK [1][-]{section.1.2}{Objetivos}{chapter.1}% 3
\BOOKMARK [1][-]{section.1.3}{Estructura del documento}{chapter.1}% 4
\BOOKMARK [0][-]{chapter.2}{Estado del arte}{}% 5
\BOOKMARK [1][-]{section.2.1}{Aplicaciones de mensajería generalista}{chapter.2}% 6
\BOOKMARK [2][-]{subsection.2.1.1}{WhatsApp}{section.2.1}% 7
\BOOKMARK [2][-]{subsection.2.1.2}{Aplicaciones de videollamada \(FaceTime, Google Meet\)}{section.2.1}% 8
\BOOKMARK [1][-]{section.2.2}{Soluciones específicas para personas mayores}{chapter.2}% 9
\BOOKMARK [2][-]{subsection.2.2.1}{GrandPad}{section.2.2}% 10
\BOOKMARK [2][-]{subsection.2.2.2}{Mayores Conectados}{section.2.2}% 11
\BOOKMARK [1][-]{section.2.3}{Plataformas de compartición visual}{chapter.2}% 12
\BOOKMARK [2][-]{subsection.2.3.1}{Instagram}{section.2.3}% 13
\BOOKMARK [1][-]{section.2.4}{Análisis comparativo}{chapter.2}% 14
\BOOKMARK [0][-]{chapter.3}{Diseño}{}% 15
\BOOKMARK [0][-]{chapter.4}{Implementación}{}% 16
\BOOKMARK [0][-]{chapter.5}{Conclusiones}{}% 17
\BOOKMARK [0][-]{chapter.5}{Bibliografía}{}% 18
\BOOKMARK [-1][-]{part.1}{Apéndices}{}% 19
\BOOKMARK [0][-]{appendix.Alph1}{Pruebas de usabilidad: tablas detalladas}{part.1}% 20
